[ 2016-02-11T20:40:26+08:00 ] 127.0.0.1 /index.php
INFO: [ app_init ] --START--
INFO: Run Behavior\BuildLiteBehavior [ RunTime:0.001000s ]
INFO: [ app_init ] --END-- [ RunTime:0.050003s ]
INFO: [ app_begin ] --START--
INFO: Run Behavior\ReadHtmlCacheBehavior [ RunTime:0.003000s ]
INFO: [ app_begin ] --END-- [ RunTime:0.003000s ]
SQL: SHOW COLUMNS FROM `it_cart` [ RunTime:1.5241s ]
SQL: SELECT * FROM `it_cart` WHERE ( user_id=1 )  [ RunTime:0.0820s ]
SQL: SHOW COLUMNS FROM `it_goods` [ RunTime:0.3790s ]
SQL: SELECT `goods_name`,`goods_thumb`,`shop_price` FROM `it_goods` WHERE `id` = 1 LIMIT 1   [ RunTime:0.1700s ]
SQL: SHOW COLUMNS FROM `it_category` [ RunTime:0.0620s ]
SQL: SELECT * FROM `it_category` WHERE ( parent_id=0 )  [ RunTime:0.0090s ]
SQL: SELECT * FROM `it_category`  [ RunTime:0.0010s ]
NOTIC: [2048] Declaration of Admin\Model\GoodsModel::_before_delete() should be compatible with that of Think\Model::_before_delete() D:\wamp\apache\htdocs\App\Admin\Model\GoodsModel.class.php 第 140 行.
SQL: SHOW COLUMNS FROM `it_goods` [ RunTime:0.0300s ]
SQL: SELECT * FROM `it_goods` WHERE ( is_best=1 ) LIMIT 3   [ RunTime:0.0010s ]
SQL: SELECT * FROM `it_goods` WHERE ( is_new=1 ) LIMIT 3   [ RunTime:0.0000s ]
SQL: SELECT * FROM `it_goods` WHERE ( is_hot=1 ) LIMIT 3   [ RunTime:0.0000s ]
INFO: [ view_parse ] --START--
INFO: [ template_filter ] --START--
INFO: Run Behavior\ContentReplaceBehavior [ RunTime:0.000000s ]
INFO: [ template_filter ] --END-- [ RunTime:0.000000s ]
INFO: Run Behavior\ParseTemplateBehavior [ RunTime:0.599034s ]
INFO: [ view_parse ] --END-- [ RunTime:0.600034s ]
INFO: [ view_filter ] --START--
INFO: Run Behavior\WriteHtmlCacheBehavior [ RunTime:0.057004s ]
INFO: [ view_filter ] --END-- [ RunTime:0.057004s ]
INFO: [ app_end ] --START--
INFO: Run Behavior\ShowPageTraceBehavior [ RunTime:0.033002s ]
INFO: [ app_end ] --END-- [ RunTime:0.033002s ]

[ 2016-02-11T20:40:52+08:00 ] 127.0.0.1 /index.php
INFO: [ app_init ] --START--
INFO: Run Behavior\BuildLiteBehavior [ RunTime:0.000000s ]
INFO: [ app_init ] --END-- [ RunTime:0.001000s ]
INFO: [ app_begin ] --START--
INFO: Run Behavior\ReadHtmlCacheBehavior [ RunTime:0.003000s ]
INFO: [ app_begin ] --END-- [ RunTime:0.003000s ]
SQL: SHOW COLUMNS FROM `it_cart` [ RunTime:0.0340s ]
SQL: SELECT * FROM `it_cart` WHERE ( user_id=1 )  [ RunTime:0.0010s ]
SQL: SHOW COLUMNS FROM `it_goods` [ RunTime:0.0090s ]
SQL: SELECT `goods_name`,`goods_thumb`,`shop_price` FROM `it_goods` WHERE `id` = 1 LIMIT 1   [ RunTime:0.0000s ]
SQL: SHOW COLUMNS FROM `it_category` [ RunTime:0.0120s ]
SQL: SELECT * FROM `it_category` WHERE ( parent_id=0 )  [ RunTime:0.0000s ]
SQL: SELECT * FROM `it_category`  [ RunTime:0.0000s ]
NOTIC: [2048] Declaration of Admin\Model\GoodsModel::_before_delete() should be compatible with that of Think\Model::_before_delete() D:\wamp\apache\htdocs\App\Admin\Model\GoodsModel.class.php 第 140 行.
SQL: SHOW COLUMNS FROM `it_goods` [ RunTime:0.0090s ]
SQL: SELECT * FROM `it_goods` WHERE ( is_best=1 ) LIMIT 3   [ RunTime:0.0000s ]
SQL: SELECT * FROM `it_goods` WHERE ( is_new=1 ) LIMIT 3   [ RunTime:0.0100s ]
SQL: SELECT * FROM `it_goods` WHERE ( is_hot=1 ) LIMIT 3   [ RunTime:0.0000s ]
INFO: [ view_parse ] --START--
INFO: [ template_filter ] --START--
INFO: Run Behavior\ContentReplaceBehavior [ RunTime:0.000000s ]
INFO: [ template_filter ] --END-- [ RunTime:0.000000s ]
INFO: Run Behavior\ParseTemplateBehavior [ RunTime:0.073004s ]
INFO: [ view_parse ] --END-- [ RunTime:0.073004s ]
INFO: [ view_filter ] --START--
INFO: Run Behavior\WriteHtmlCacheBehavior [ RunTime:0.003000s ]
INFO: [ view_filter ] --END-- [ RunTime:0.003000s ]
INFO: [ app_end ] --START--
INFO: Run Behavior\ShowPageTraceBehavior [ RunTime:0.004001s ]
INFO: [ app_end ] --END-- [ RunTime:0.004001s ]

