[ 2016-05-06T23:59:01+08:00 ] 127.0.0.1 /index.php
INFO: [ app_init ] --START--
INFO: Run Behavior\BuildLiteBehavior [ RunTime:0.000000s ]
INFO: [ app_init ] --END-- [ RunTime:0.024002s ]
INFO: [ app_begin ] --START--
INFO: Run Behavior\ReadHtmlCacheBehavior [ RunTime:0.010000s ]
INFO: [ app_begin ] --END-- [ RunTime:0.010000s ]
SQL: SHOW COLUMNS FROM `it_cart` [ RunTime:0.5610s ]
SQL: SELECT * FROM `it_cart` WHERE ( user_id=1 )  [ RunTime:0.0020s ]
SQL: SHOW COLUMNS FROM `it_goods` [ RunTime:0.1610s ]
SQL: SELECT `goods_name`,`goods_thumb`,`shop_price` FROM `it_goods` WHERE `id` = 28 LIMIT 1   [ RunTime:0.0690s ]
SQL: select group_concat(concat(b.attr_name,':',a.attr_value)  separator '<br/>')attrs  from it_goods_attr a left join it_attribute b on a.attr_id = b.id where a.id in(109,111,115) [ RunTime:0.6110s ]
SQL: SHOW COLUMNS FROM `it_category` [ RunTime:0.1400s ]
SQL: SELECT * FROM `it_category` WHERE ( parent_id=0 )  [ RunTime:0.0010s ]
SQL: SELECT * FROM `it_category`  [ RunTime:0.0010s ]
NOTIC: [2048] Declaration of Admin\Model\GoodsModel::_before_delete() should be compatible with that of Think\Model::_before_delete() D:\wamp\apache\htdocs\App\Admin\Model\GoodsModel.class.php 第 140 行.
SQL: SHOW COLUMNS FROM `it_goods` [ RunTime:0.0290s ]
SQL: SELECT * FROM `it_goods` WHERE ( is_best=1 ) LIMIT 3   [ RunTime:0.0010s ]
SQL: SELECT * FROM `it_goods` WHERE ( is_new=1 ) LIMIT 3   [ RunTime:0.0000s ]
SQL: SELECT * FROM `it_goods` WHERE ( is_hot=1 ) LIMIT 3   [ RunTime:0.0010s ]
INFO: [ view_parse ] --START--
INFO: [ template_filter ] --START--
INFO: Run Behavior\ContentReplaceBehavior [ RunTime:0.000000s ]
INFO: [ template_filter ] --END-- [ RunTime:0.000000s ]
INFO: Run Behavior\ParseTemplateBehavior [ RunTime:0.769044s ]
INFO: [ view_parse ] --END-- [ RunTime:0.769044s ]
INFO: [ view_filter ] --START--
INFO: Run Behavior\WriteHtmlCacheBehavior [ RunTime:0.070004s ]
INFO: [ view_filter ] --END-- [ RunTime:0.070004s ]
INFO: [ app_end ] --START--
INFO: Run Behavior\ShowPageTraceBehavior [ RunTime:0.043002s ]
INFO: [ app_end ] --END-- [ RunTime:0.043002s ]

