[ 2016-12-02T11:01:56+08:00 ] 118.242.33.242 /myshop/
INFO: [ app_init ] --START--
INFO: Run Behavior\BuildLiteBehavior [ RunTime:0.000019s ]
INFO: [ app_init ] --END-- [ RunTime:0.002017s ]
INFO: [ app_begin ] --START--
INFO: Run Behavior\ReadHtmlCacheBehavior [ RunTime:0.002487s ]
INFO: [ app_begin ] --END-- [ RunTime:0.002537s ]
SQL: SHOW COLUMNS FROM `it_cart` [ RunTime:0.0015s ]
NOTIC: [8] Undefined index: user_id /data/home/bxu2359170698/htdocs/myshop/App/Home/Model/CartModel.class.php 第 47 行.
SQL: SHOW COLUMNS FROM `it_category` [ RunTime:0.0013s ]
SQL: SELECT * FROM `it_category` WHERE ( parent_id=0 )  [ RunTime:0.0012s ]
SQL: SELECT * FROM `it_category`  [ RunTime:0.0010s ]
NOTIC: [2048] Declaration of Admin\Model\GoodsModel::_before_delete() should be compatible with Think\Model::_before_delete($options) /data/home/bxu2359170698/htdocs/myshop/App/Admin/Model/GoodsModel.class.php 第 140 行.
SQL: SHOW COLUMNS FROM `it_goods` [ RunTime:0.0014s ]
SQL: SELECT * FROM `it_goods` WHERE ( is_best=1 ) LIMIT 3   [ RunTime:0.0011s ]
SQL: SELECT * FROM `it_goods` WHERE ( is_new=1 ) LIMIT 3   [ RunTime:0.0010s ]
SQL: SELECT * FROM `it_goods` WHERE ( is_hot=1 ) LIMIT 3   [ RunTime:0.0011s ]
INFO: [ view_parse ] --START--
INFO: [ template_filter ] --START--
INFO: Run Behavior\ContentReplaceBehavior [ RunTime:0.000160s ]
INFO: [ template_filter ] --END-- [ RunTime:0.000202s ]
NOTIC: [8] Undefined index: user_id /data/home/bxu2359170698/htdocs/myshop/App/Runtime/Cache/Home/00e52909bed743ea261af4b6823297ff.php 第 24 行.
INFO: Run Behavior\ParseTemplateBehavior [ RunTime:0.045983s ]
INFO: [ view_parse ] --END-- [ RunTime:0.046033s ]
INFO: [ view_filter ] --START--
INFO: Run Behavior\WriteHtmlCacheBehavior [ RunTime:0.011711s ]
INFO: [ view_filter ] --END-- [ RunTime:0.011753s ]
INFO: [ app_end ] --START--
INFO: Run Behavior\ShowPageTraceBehavior [ RunTime:0.001621s ]
INFO: [ app_end ] --END-- [ RunTime:0.001665s ]

[ 2016-12-02T11:02:13+08:00 ] 101.226.65.107 /myshop/
INFO: [ app_init ] --START--
INFO: Run Behavior\BuildLiteBehavior [ RunTime:0.000018s ]
INFO: [ app_init ] --END-- [ RunTime:0.000389s ]
INFO: [ app_begin ] --START--
INFO: Run Behavior\ReadHtmlCacheBehavior [ RunTime:0.000753s ]
INFO: [ app_begin ] --END-- [ RunTime:0.000824s ]
SQL: SHOW COLUMNS FROM `it_cart` [ RunTime:0.0014s ]
NOTIC: [8] Undefined index: user_id /data/home/bxu2359170698/htdocs/myshop/App/Home/Model/CartModel.class.php 第 47 行.
SQL: SHOW COLUMNS FROM `it_category` [ RunTime:0.0012s ]
SQL: SELECT * FROM `it_category` WHERE ( parent_id=0 )  [ RunTime:0.0010s ]
SQL: SELECT * FROM `it_category`  [ RunTime:0.0010s ]
NOTIC: [2048] Declaration of Admin\Model\GoodsModel::_before_delete() should be compatible with Think\Model::_before_delete($options) /data/home/bxu2359170698/htdocs/myshop/App/Admin/Model/GoodsModel.class.php 第 140 行.
SQL: SHOW COLUMNS FROM `it_goods` [ RunTime:0.0013s ]
SQL: SELECT * FROM `it_goods` WHERE ( is_best=1 ) LIMIT 3   [ RunTime:0.0011s ]
SQL: SELECT * FROM `it_goods` WHERE ( is_new=1 ) LIMIT 3   [ RunTime:0.0010s ]
SQL: SELECT * FROM `it_goods` WHERE ( is_hot=1 ) LIMIT 3   [ RunTime:0.0010s ]
INFO: [ view_parse ] --START--
INFO: [ template_filter ] --START--
INFO: Run Behavior\ContentReplaceBehavior [ RunTime:0.000153s ]
INFO: [ template_filter ] --END-- [ RunTime:0.000205s ]
NOTIC: [8] Undefined index: user_id /data/home/bxu2359170698/htdocs/myshop/App/Runtime/Cache/Home/00e52909bed743ea261af4b6823297ff.php 第 24 行.
INFO: Run Behavior\ParseTemplateBehavior [ RunTime:0.015763s ]
INFO: [ view_parse ] --END-- [ RunTime:0.015818s ]
INFO: [ view_filter ] --START--
INFO: Run Behavior\WriteHtmlCacheBehavior [ RunTime:0.000357s ]
INFO: [ view_filter ] --END-- [ RunTime:0.000400s ]
INFO: [ app_end ] --START--
INFO: Run Behavior\ShowPageTraceBehavior [ RunTime:0.000573s ]
INFO: [ app_end ] --END-- [ RunTime:0.000615s ]

[ 2016-12-02T11:05:29+08:00 ] 101.226.61.186 /myshop/
INFO: [ app_init ] --START--
INFO: Run Behavior\BuildLiteBehavior [ RunTime:0.000016s ]
INFO: [ app_init ] --END-- [ RunTime:0.000370s ]
INFO: [ app_begin ] --START--
INFO: Run Behavior\ReadHtmlCacheBehavior [ RunTime:0.000593s ]
INFO: [ app_begin ] --END-- [ RunTime:0.000635s ]
SQL: SHOW COLUMNS FROM `it_cart` [ RunTime:0.0014s ]
NOTIC: [8] Undefined index: user_id /data/home/bxu2359170698/htdocs/myshop/App/Home/Model/CartModel.class.php 第 47 行.
SQL: SHOW COLUMNS FROM `it_category` [ RunTime:0.0011s ]
SQL: SELECT * FROM `it_category` WHERE ( parent_id=0 )  [ RunTime:0.0010s ]
SQL: SELECT * FROM `it_category`  [ RunTime:0.0010s ]
NOTIC: [2048] Declaration of Admin\Model\GoodsModel::_before_delete() should be compatible with Think\Model::_before_delete($options) /data/home/bxu2359170698/htdocs/myshop/App/Admin/Model/GoodsModel.class.php 第 140 行.
SQL: SHOW COLUMNS FROM `it_goods` [ RunTime:0.0013s ]
SQL: SELECT * FROM `it_goods` WHERE ( is_best=1 ) LIMIT 3   [ RunTime:0.0010s ]
SQL: SELECT * FROM `it_goods` WHERE ( is_new=1 ) LIMIT 3   [ RunTime:0.0011s ]
SQL: SELECT * FROM `it_goods` WHERE ( is_hot=1 ) LIMIT 3   [ RunTime:0.0010s ]
INFO: [ view_parse ] --START--
INFO: [ template_filter ] --START--
INFO: Run Behavior\ContentReplaceBehavior [ RunTime:0.000120s ]
INFO: [ template_filter ] --END-- [ RunTime:0.000164s ]
NOTIC: [8] Undefined index: user_id /data/home/bxu2359170698/htdocs/myshop/App/Runtime/Cache/Home/00e52909bed743ea261af4b6823297ff.php 第 24 行.
INFO: Run Behavior\ParseTemplateBehavior [ RunTime:0.014803s ]
INFO: [ view_parse ] --END-- [ RunTime:0.014892s ]
INFO: [ view_filter ] --START--
INFO: Run Behavior\WriteHtmlCacheBehavior [ RunTime:0.000275s ]
INFO: [ view_filter ] --END-- [ RunTime:0.000308s ]
INFO: [ app_end ] --START--
INFO: Run Behavior\ShowPageTraceBehavior [ RunTime:0.000529s ]
INFO: [ app_end ] --END-- [ RunTime:0.000572s ]

[ 2016-12-02T11:06:04+08:00 ] 180.173.164.220 /myshop/
INFO: [ app_init ] --START--
INFO: Run Behavior\BuildLiteBehavior [ RunTime:0.000017s ]
INFO: [ app_init ] --END-- [ RunTime:0.000373s ]
INFO: [ app_begin ] --START--
INFO: Run Behavior\ReadHtmlCacheBehavior [ RunTime:0.000602s ]
INFO: [ app_begin ] --END-- [ RunTime:0.000644s ]
SQL: SHOW COLUMNS FROM `it_cart` [ RunTime:0.0016s ]
NOTIC: [8] Undefined index: user_id /data/home/bxu2359170698/htdocs/myshop/App/Home/Model/CartModel.class.php 第 47 行.
SQL: SHOW COLUMNS FROM `it_category` [ RunTime:0.0014s ]
SQL: SELECT * FROM `it_category` WHERE ( parent_id=0 )  [ RunTime:0.0012s ]
SQL: SELECT * FROM `it_category`  [ RunTime:0.0012s ]
NOTIC: [2048] Declaration of Admin\Model\GoodsModel::_before_delete() should be compatible with Think\Model::_before_delete($options) /data/home/bxu2359170698/htdocs/myshop/App/Admin/Model/GoodsModel.class.php 第 140 行.
SQL: SHOW COLUMNS FROM `it_goods` [ RunTime:0.0015s ]
SQL: SELECT * FROM `it_goods` WHERE ( is_best=1 ) LIMIT 3   [ RunTime:0.0012s ]
SQL: SELECT * FROM `it_goods` WHERE ( is_new=1 ) LIMIT 3   [ RunTime:0.0012s ]
SQL: SELECT * FROM `it_goods` WHERE ( is_hot=1 ) LIMIT 3   [ RunTime:0.0012s ]
INFO: [ view_parse ] --START--
INFO: [ template_filter ] --START--
INFO: Run Behavior\ContentReplaceBehavior [ RunTime:0.000126s ]
INFO: [ template_filter ] --END-- [ RunTime:0.000168s ]
NOTIC: [8] Undefined index: user_id /data/home/bxu2359170698/htdocs/myshop/App/Runtime/Cache/Home/00e52909bed743ea261af4b6823297ff.php 第 24 行.
INFO: Run Behavior\ParseTemplateBehavior [ RunTime:0.014843s ]
INFO: [ view_parse ] --END-- [ RunTime:0.014886s ]
INFO: [ view_filter ] --START--
INFO: Run Behavior\WriteHtmlCacheBehavior [ RunTime:0.000276s ]
INFO: [ view_filter ] --END-- [ RunTime:0.000308s ]
INFO: [ app_end ] --START--
INFO: Run Behavior\ShowPageTraceBehavior [ RunTime:0.000566s ]
INFO: [ app_end ] --END-- [ RunTime:0.000608s ]

[ 2016-12-02T11:08:38+08:00 ] 180.173.164.220 /myshop/
INFO: [ app_init ] --START--
INFO: Run Behavior\BuildLiteBehavior [ RunTime:0.000017s ]
INFO: [ app_init ] --END-- [ RunTime:0.000420s ]
INFO: [ app_begin ] --START--
INFO: Run Behavior\ReadHtmlCacheBehavior [ RunTime:0.000600s ]
INFO: [ app_begin ] --END-- [ RunTime:0.000648s ]
SQL: SHOW COLUMNS FROM `it_cart` [ RunTime:0.0015s ]
NOTIC: [8] Undefined index: user_id /data/home/bxu2359170698/htdocs/myshop/App/Home/Model/CartModel.class.php 第 47 行.
SQL: SHOW COLUMNS FROM `it_category` [ RunTime:0.0013s ]
SQL: SELECT * FROM `it_category` WHERE ( parent_id=0 )  [ RunTime:0.0011s ]
SQL: SELECT * FROM `it_category`  [ RunTime:0.0011s ]
NOTIC: [2048] Declaration of Admin\Model\GoodsModel::_before_delete() should be compatible with Think\Model::_before_delete($options) /data/home/bxu2359170698/htdocs/myshop/App/Admin/Model/GoodsModel.class.php 第 140 行.
SQL: SHOW COLUMNS FROM `it_goods` [ RunTime:0.0015s ]
SQL: SELECT * FROM `it_goods` WHERE ( is_best=1 ) LIMIT 3   [ RunTime:0.0011s ]
SQL: SELECT * FROM `it_goods` WHERE ( is_new=1 ) LIMIT 3   [ RunTime:0.0011s ]
SQL: SELECT * FROM `it_goods` WHERE ( is_hot=1 ) LIMIT 3   [ RunTime:0.0017s ]
INFO: [ view_parse ] --START--
INFO: [ template_filter ] --START--
INFO: Run Behavior\ContentReplaceBehavior [ RunTime:0.000159s ]
INFO: [ template_filter ] --END-- [ RunTime:0.000230s ]
NOTIC: [8] Undefined index: user_id /data/home/bxu2359170698/htdocs/myshop/App/Runtime/Cache/Home/00e52909bed743ea261af4b6823297ff.php 第 24 行.
INFO: Run Behavior\ParseTemplateBehavior [ RunTime:0.025472s ]
INFO: [ view_parse ] --END-- [ RunTime:0.025522s ]
INFO: [ view_filter ] --START--
INFO: Run Behavior\WriteHtmlCacheBehavior [ RunTime:0.000327s ]
INFO: [ view_filter ] --END-- [ RunTime:0.000363s ]
INFO: [ app_end ] --START--
INFO: Run Behavior\ShowPageTraceBehavior [ RunTime:0.000617s ]
INFO: [ app_end ] --END-- [ RunTime:0.000666s ]

[ 2016-12-02T11:51:19+08:00 ] 180.173.164.220 /myshop/
INFO: [ app_init ] --START--
INFO: Run Behavior\BuildLiteBehavior [ RunTime:0.000016s ]
INFO: [ app_init ] --END-- [ RunTime:0.000398s ]
INFO: [ app_begin ] --START--
INFO: Run Behavior\ReadHtmlCacheBehavior [ RunTime:0.000580s ]
INFO: [ app_begin ] --END-- [ RunTime:0.000642s ]
SQL: SHOW COLUMNS FROM `it_cart` [ RunTime:0.0017s ]
NOTIC: [8] Undefined index: user_id /data/home/bxu2359170698/htdocs/myshop/App/Home/Model/CartModel.class.php 第 47 行.
SQL: SHOW COLUMNS FROM `it_category` [ RunTime:0.0015s ]
SQL: SELECT * FROM `it_category` WHERE ( parent_id=0 )  [ RunTime:0.0014s ]
SQL: SELECT * FROM `it_category`  [ RunTime:0.0012s ]
NOTIC: [2048] Declaration of Admin\Model\GoodsModel::_before_delete() should be compatible with Think\Model::_before_delete($options) /data/home/bxu2359170698/htdocs/myshop/App/Admin/Model/GoodsModel.class.php 第 140 行.
SQL: SHOW COLUMNS FROM `it_goods` [ RunTime:0.0016s ]
SQL: SELECT * FROM `it_goods` WHERE ( is_best=1 ) LIMIT 3   [ RunTime:0.0013s ]
SQL: SELECT * FROM `it_goods` WHERE ( is_new=1 ) LIMIT 3   [ RunTime:0.0013s ]
SQL: SELECT * FROM `it_goods` WHERE ( is_hot=1 ) LIMIT 3   [ RunTime:0.0013s ]
INFO: [ view_parse ] --START--
INFO: [ template_filter ] --START--
INFO: Run Behavior\ContentReplaceBehavior [ RunTime:0.000133s ]
INFO: [ template_filter ] --END-- [ RunTime:0.000173s ]
NOTIC: [8] Undefined index: user_id /data/home/bxu2359170698/htdocs/myshop/App/Runtime/Cache/Home/00e52909bed743ea261af4b6823297ff.php 第 24 行.
INFO: Run Behavior\ParseTemplateBehavior [ RunTime:0.014557s ]
INFO: [ view_parse ] --END-- [ RunTime:0.014599s ]
INFO: [ view_filter ] --START--
INFO: Run Behavior\WriteHtmlCacheBehavior [ RunTime:0.000288s ]
INFO: [ view_filter ] --END-- [ RunTime:0.000322s ]
INFO: [ app_end ] --START--
INFO: Run Behavior\ShowPageTraceBehavior [ RunTime:0.000543s ]
INFO: [ app_end ] --END-- [ RunTime:0.000611s ]

[ 2016-12-02T11:51:27+08:00 ] 180.173.164.220 /myshop/index.php/Home/Index/detail/id/28.html
INFO: [ app_init ] --START--
INFO: Run Behavior\BuildLiteBehavior [ RunTime:0.000015s ]
INFO: [ app_init ] --END-- [ RunTime:0.000406s ]
INFO: [ app_begin ] --START--
INFO: Run Behavior\ReadHtmlCacheBehavior [ RunTime:0.000594s ]
INFO: [ app_begin ] --END-- [ RunTime:0.000641s ]
SQL: SHOW COLUMNS FROM `it_cart` [ RunTime:0.0016s ]
NOTIC: [8] Undefined index: user_id /data/home/bxu2359170698/htdocs/myshop/App/Home/Model/CartModel.class.php 第 47 行.
SQL: SHOW COLUMNS FROM `it_category` [ RunTime:0.0013s ]
SQL: SELECT * FROM `it_category` WHERE ( parent_id=0 )  [ RunTime:0.0011s ]
NOTIC: [2048] Declaration of Admin\Model\GoodsModel::_before_delete() should be compatible with Think\Model::_before_delete($options) /data/home/bxu2359170698/htdocs/myshop/App/Admin/Model/GoodsModel.class.php 第 140 行.
SQL: SHOW COLUMNS FROM `it_goods` [ RunTime:0.0014s ]
SQL: SELECT * FROM `it_goods` WHERE `id` = 28 LIMIT 1   [ RunTime:0.0012s ]
SQL: select a.id,a.attr_id,a.attr_value,b.attr_name,b.attr_type from it_goods_attr a left join it_attribute b on a.attr_id=b.id where a.goods_id=28  [ RunTime:0.0016s ]
SQL: SELECT * FROM `it_category`  [ RunTime:0.0011s ]
INFO: [ view_parse ] --START--
INFO: [ template_filter ] --START--
INFO: Run Behavior\ContentReplaceBehavior [ RunTime:0.000175s ]
INFO: [ template_filter ] --END-- [ RunTime:0.000220s ]
NOTIC: [8] Undefined index: user_id /data/home/bxu2359170698/htdocs/myshop/App/Runtime/Cache/Home/56563fb70bfd45c5e738bfc14042f337.php 第 23 行.
NOTIC: [8] Undefined index:  /data/home/bxu2359170698/htdocs/myshop/App/Runtime/Cache/Home/56563fb70bfd45c5e738bfc14042f337.php 第 167 行.
INFO: Run Behavior\ParseTemplateBehavior [ RunTime:0.060241s ]
INFO: [ view_parse ] --END-- [ RunTime:0.060292s ]
INFO: [ view_filter ] --START--
INFO: Run Behavior\WriteHtmlCacheBehavior [ RunTime:0.000314s ]
INFO: [ view_filter ] --END-- [ RunTime:0.000350s ]
INFO: [ app_end ] --START--
INFO: Run Behavior\ShowPageTraceBehavior [ RunTime:0.000560s ]
INFO: [ app_end ] --END-- [ RunTime:0.000600s ]

