[ 2015-11-29T19:16:03+08:00 ] 127.0.0.1 /index.php/index.php/Home/Cart/cartList.html.html
INFO: [ app_init ] --START--
INFO: Run Behavior\BuildLiteBehavior [ RunTime:0.000000s ]
INFO: [ app_init ] --END-- [ RunTime:0.000000s ]
ERR: 无法加载模块:Index.php

[ 2015-11-29T19:16:11+08:00 ] 127.0.0.1 /index.php/index.php/Home/Cart/cartList.html.html
INFO: [ app_init ] --START--
INFO: Run Behavior\BuildLiteBehavior [ RunTime:0.000000s ]
INFO: [ app_init ] --END-- [ RunTime:0.001000s ]
ERR: 无法加载模块:Index.php

[ 2015-11-29T19:16:50+08:00 ] 127.0.0.1 /index.php/index.php/Home/Cart/cartList.html.html
INFO: [ app_init ] --START--
INFO: Run Behavior\BuildLiteBehavior [ RunTime:0.000000s ]
INFO: [ app_init ] --END-- [ RunTime:0.000000s ]
ERR: 无法加载模块:Index.php

[ 2015-11-29T19:16:55+08:00 ] 127.0.0.1 /index.php/index.php/Home/Cart/cartList.html.html
INFO: [ app_init ] --START--
INFO: Run Behavior\BuildLiteBehavior [ RunTime:0.001000s ]
INFO: [ app_init ] --END-- [ RunTime:0.002000s ]
ERR: 无法加载模块:Index.php

[ 2015-11-29T19:17:00+08:00 ] 127.0.0.1 /index.php/index.php/Home/Cart/cartList.html.html
INFO: [ app_init ] --START--
INFO: Run Behavior\BuildLiteBehavior [ RunTime:0.001000s ]
INFO: [ app_init ] --END-- [ RunTime:0.001000s ]
ERR: 无法加载模块:Index.php

[ 2015-11-29T19:17:01+08:00 ] 127.0.0.1 /index.php/index.php/Home/Cart/cartList.html.html
INFO: [ app_init ] --START--
INFO: Run Behavior\BuildLiteBehavior [ RunTime:0.000000s ]
INFO: [ app_init ] --END-- [ RunTime:0.001000s ]
ERR: 无法加载模块:Index.php

[ 2015-11-29T19:18:05+08:00 ] 127.0.0.1 /index.php/index.php/Home/Cart/cartList.html.html
INFO: [ app_init ] --START--
INFO: Run Behavior\BuildLiteBehavior [ RunTime:0.000000s ]
INFO: [ app_init ] --END-- [ RunTime:0.000000s ]
ERR: 无法加载模块:Index.php

